2025-08-06 22:47:58,778 - INFO - Imported existing <module 'comtypes.gen' from 'D:\\Программы\\Python\\Lib\\site-packages\\comtypes\\gen\\__init__.py'>
2025-08-06 22:47:58,779 - INFO - Using writeable comtypes cache directory: 'D:\Программы\Python\Lib\site-packages\comtypes\gen'
2025-08-06 22:47:58,883 - INFO - Soika запущена
2025-08-06 22:48:06,836 - INFO - Soika сказала: Привет! Я Soika, ваш голосовой помощник. Как я могу помочь?
2025-08-06 22:48:13,304 - INFO - Распознана команда: Сколько времени
2025-08-06 22:48:13,394 - INFO - Soika сказала: Сейчас 22:48.
2025-08-06 22:48:19,377 - WARNING - Таймаут ожидания команды
2025-08-06 22:48:24,998 - WARNING - Таймаут ожидания команды
2025-08-06 22:48:30,610 - INFO - Распознана команда: Покажи логи активности
2025-08-06 22:48:30,624 - ERROR - Ошибка чтения логов: 'utf-8' codec can't decode byte 0xcf in position 84: invalid continuation byte
2025-08-06 22:48:30,707 - INFO - Soika сказала: Не удалось прочитать логи.
2025-08-06 22:48:36,327 - WARNING - Таймаут ожидания команды
2025-08-06 22:48:43,040 - INFO - Soika сказала: Я не поняла вашу команду, Soika.
2025-08-06 22:48:52,137 - INFO - Распознана команда: Начни обучение поведения
2025-08-06 22:48:52,222 - INFO - Soika сказала: Режим обучения включен.
2025-08-06 22:48:58,157 - WARNING - Таймаут ожидания команды
2025-08-06 22:49:03,776 - WARNING - Таймаут ожидания команды
2025-08-06 22:49:09,398 - WARNING - Таймаут ожидания команды
2025-08-06 22:49:15,074 - INFO - Распознана команда: Включи мониторинг экрана
2025-08-06 22:49:15,158 - INFO - Soika сказала: Мониторинг экрана включен.
2025-08-06 22:49:20,782 - WARNING - Таймаут ожидания команды
2025-08-06 22:49:28,077 - INFO - Soika сказала: Я не поняла вашу команду, Soika.
2025-08-06 22:49:32,150 - INFO - Распознана команда: Включи мониторинг экрана
2025-08-06 22:49:32,232 - INFO - Soika сказала: Мониторинг экрана выключен.
2025-08-06 22:49:37,849 - WARNING - Таймаут ожидания команды
2025-08-06 22:49:42,951 - INFO - Распознана команда: Выключи мониторинг экрана
2025-08-06 22:49:43,034 - INFO - Soika сказала: Мониторинг экрана включен.
2025-08-06 22:49:48,651 - WARNING - Таймаут ожидания команды
2025-08-06 22:49:54,270 - WARNING - Таймаут ожидания команды
2025-08-06 22:50:01,860 - INFO - Распознана команда: Открой фильм Гарри Поттер
2025-08-06 22:50:01,998 - INFO - Soika сказала: Открываю https://фильм гарри поттер.
2025-08-06 22:50:08,010 - WARNING - Таймаут ожидания команды
2025-08-06 22:50:14,100 - INFO - Распознана команда: Включи музыку в ВК
2025-08-06 22:50:14,272 - INFO - Soika сказала: Включаю проигрыватель Windows Media.
2025-08-06 22:50:17,555 - INFO - Soika сказала: Я не поняла вашу команду, Soika.
2025-08-06 22:50:24,589 - INFO - Soika сказала: Я не поняла вашу команду, Soika.
2025-08-06 22:50:28,629 - INFO - Распознана команда: Найди картинку Евы э
2025-08-06 22:50:28,753 - INFO - Soika сказала: Ищу изображения по запросу евы э.
2025-08-06 22:50:39,256 - INFO - Распознана команда: Найди картинку Luxury Gi
2025-08-06 22:50:39,357 - INFO - Soika сказала: Ищу изображения по запросу luxury gi.
2025-08-06 22:50:45,323 - WARNING - Таймаут ожидания команды
2025-08-06 22:50:50,414 - INFO - Распознана команда: Включи порно
2025-08-06 22:50:50,497 - INFO - Soika сказала: Я не знаю, как выполнить эту команду. Попробуйте сказать 'что ты можешь' для списка команд.
2025-08-06 22:50:55,221 - INFO - Soika сказала: Я не поняла вашу команду, Soika.
2025-08-06 22:51:02,344 - INFO - Распознана команда: найди фильм порно
2025-08-06 22:51:02,444 - INFO - Soika сказала: Ищу фильм порно в интернете.
2025-08-06 22:51:08,383 - WARNING - Таймаут ожидания команды
2025-08-06 22:51:14,005 - WARNING - Таймаут ожидания команды
2025-08-06 22:51:18,663 - INFO - Распознана команда: Очисти кэш
2025-08-06 22:51:19,379 - INFO - Soika сказала: Память очищена, фоновые процессы закрыты.
2025-08-06 22:51:25,004 - WARNING - Таймаут ожидания команды
2025-08-06 22:51:31,346 - WARNING - Таймаут ожидания команды
2025-08-06 22:51:37,784 - INFO - Распознана команда: Заблокируй экран
2025-08-06 22:51:37,914 - INFO - Soika сказала: Компьютер заблокирован.
2025-08-06 22:51:43,923 - WARNING - Таймаут ожидания команды
2025-08-06 22:51:49,574 - WARNING - Таймаут ожидания команды
2025-08-06 22:51:55,337 - INFO - Soika сказала: Я не поняла вашу команду, Soika.
2025-08-06 22:52:02,905 - INFO - Soika сказала: Я не поняла вашу команду, Soika.
2025-08-06 22:52:09,302 - INFO - Soika сказала: Я не поняла вашу команду, Soika.
2025-08-06 22:52:15,438 - WARNING - Таймаут ожидания команды
2025-08-06 22:52:21,067 - WARNING - Таймаут ожидания команды
2025-08-06 22:52:26,698 - WARNING - Таймаут ожидания команды
2025-08-06 22:52:32,319 - WARNING - Таймаут ожидания команды
2025-08-06 22:52:35,250 - INFO - Распознана команда: до свидания
2025-08-06 22:52:35,333 - INFO - Soika сказала: Я не знаю, как выполнить эту команду. Попробуйте сказать 'что ты можешь' для списка команд.
2025-08-06 22:52:41,739 - WARNING - Таймаут ожидания команды
2025-08-06 22:52:44,112 - INFO - Распознана команда: работу
2025-08-06 22:52:44,198 - INFO - Soika сказала: Я не знаю, как выполнить эту команду. Попробуйте сказать 'что ты можешь' для списка команд.
2025-08-06 22:52:51,700 - INFO - Распознана команда: заверши работу
2025-08-06 22:52:51,782 - INFO - Soika сказала: Я не знаю, как выполнить эту команду. Попробуйте сказать 'что ты можешь' для списка команд.
2025-08-06 22:52:56,623 - INFO - Распознана команда: до свидания
2025-08-06 22:52:56,706 - INFO - Soika сказала: Я не знаю, как выполнить эту команду. Попробуйте сказать 'что ты можешь' для списка команд.
2025-08-06 22:53:02,330 - WARNING - Таймаут ожидания команды
2025-08-06 22:53:07,952 - WARNING - Таймаут ожидания команды
2025-08-06 22:53:13,580 - WARNING - Таймаут ожидания команды
2025-08-06 22:53:19,199 - WARNING - Таймаут ожидания команды
2025-08-06 22:53:24,820 - WARNING - Таймаут ожидания команды
2025-08-06 22:53:30,464 - WARNING - Таймаут ожидания команды
2025-08-06 22:53:36,094 - WARNING - Таймаут ожидания команды
2025-08-06 22:53:41,719 - WARNING - Таймаут ожидания команды
2025-08-06 22:53:47,258 - INFO - Soika сказала: Я не поняла вашу команду, Soika.
2025-08-06 22:53:54,054 - INFO - Soika сказала: Я не поняла вашу команду, Soika.
2025-08-06 22:53:58,005 - INFO - Распознана команда: Закрой программу
2025-08-06 22:53:58,088 - INFO - Soika сказала: Я не знаю, как выполнить эту команду. Попробуйте сказать 'что ты можешь' для списка команд.
2025-08-06 22:54:03,713 - WARNING - Таймаут ожидания команды
2025-08-07 01:34:56,614 - INFO - Imported existing <module 'comtypes.gen' from 'D:\\Программы\\Python\\Lib\\site-packages\\comtypes\\gen\\__init__.py'>
2025-08-07 01:34:56,614 - INFO - Using writeable comtypes cache directory: 'D:\Программы\Python\Lib\site-packages\comtypes\gen'
2025-08-07 01:34:56,812 - INFO - Soika запущена
2025-08-07 01:35:04,765 - INFO - Soika сказала: Привет! Я Soika, ваш голосовой помощник. Как я могу помочь?
2025-08-07 01:35:08,259 - INFO - Распознана команда: Выключи компьютер
2025-08-07 01:35:08,349 - INFO - Soika сказала: Выключаю компьютер через 10 секунд.
2025-08-07 13:23:16,947 - INFO - Imported existing <module 'comtypes.gen' from 'D:\\Программы\\Python\\Lib\\site-packages\\comtypes\\gen\\__init__.py'>
2025-08-07 13:23:16,947 - INFO - Using writeable comtypes cache directory: 'D:\Программы\Python\Lib\site-packages\comtypes\gen'
2025-08-07 13:23:17,215 - INFO - Soika запущена
2025-08-07 13:23:25,175 - INFO - Soika сказала: Привет! Я Soika, ваш голосовой помощник. Как я могу помочь?
2025-08-07 13:23:31,551 - INFO - Распознана команда: время
2025-08-07 13:23:31,650 - INFO - Soika сказала: Я не знаю, как выполнить эту команду. Попробуйте сказать 'что ты можешь' для списка команд.
2025-08-07 13:28:45,073 - INFO - Imported existing <module 'comtypes.gen' from 'D:\\Программы\\Python\\Lib\\site-packages\\comtypes\\gen\\__init__.py'>
2025-08-07 13:28:45,074 - INFO - Using writeable comtypes cache directory: 'D:\Программы\Python\Lib\site-packages\comtypes\gen'
2025-08-07 13:28:45,186 - INFO - Soika запущена
2025-08-07 13:28:53,151 - INFO - Soika сказала: Привет! Я Soika, ваш голосовой помощник. Как я могу помочь?
2025-08-07 13:29:01,491 - INFO - Распознана команда: а вот это вот надо тыкать интересно
2025-08-07 13:29:01,592 - INFO - Soika сказала: Я не знаю, как выполнить эту команду. Попробуйте сказать 'что ты можешь' для списка команд.
2025-08-07 13:29:10,018 - INFO - Распознана команда: Начни обучение
2025-08-07 13:29:10,109 - INFO - Soika сказала: Я не знаю, как выполнить эту команду. Попробуйте сказать 'что ты можешь' для списка команд.
2025-08-07 13:29:17,289 - INFO - Распознана команда: а он даже не слышит
2025-08-07 13:29:17,379 - INFO - Soika сказала: Я не знаю, как выполнить эту команду. Попробуйте сказать 'что ты можешь' для списка команд.
2025-08-07 13:29:20,096 - INFO - Распознана команда: поведение
2025-08-07 13:29:20,190 - INFO - Soika сказала: Я не знаю, как выполнить эту команду. Попробуйте сказать 'что ты можешь' для списка команд.
2025-08-07 13:29:27,592 - INFO - Soika сказала: Я не поняла вашу команду, Soika.
2025-08-07 13:29:34,830 - INFO - Распознана команда: Включи мониторинг экрана
2025-08-07 13:29:34,921 - INFO - Soika сказала: Мониторинг экрана включен.
2025-08-07 13:29:39,110 - INFO - Распознана команда: включён
2025-08-07 13:29:39,201 - INFO - Soika сказала: Я не знаю, как выполнить эту команду. Попробуйте сказать 'что ты можешь' для списка команд.
2025-08-07 13:29:47,403 - INFO - Soika сказала: Я не поняла вашу команду, Soika.
2025-08-07 13:29:55,232 - INFO - Soika сказала: Я не поняла вашу команду, Soika.
2025-08-07 13:30:01,925 - INFO - Распознана команда: а ой стоп точно
2025-08-07 13:30:02,014 - INFO - Soika сказала: Я не знаю, как выполнить эту команду. Попробуйте сказать 'что ты можешь' для списка команд.
2025-08-07 13:30:08,043 - INFO - Soika сказала: Я не поняла вашу команду, Soika.
2025-08-07 13:30:13,564 - INFO - Soika сказала: Я не поняла вашу команду, Soika.
2025-08-07 13:30:20,351 - INFO - Soika сказала: Я не поняла вашу команду, Soika.
2025-08-07 13:30:23,171 - INFO - Распознана команда: Что ты умеешь
2025-08-07 13:30:23,258 - INFO - Soika сказала: Я Soika, и я могу выполнять различные команды: управлять компьютером, работать с интернетом, искать файлы, управлять музыкой, устанавливать напоминания и таймеры, а также многое другое.
2025-08-07 13:30:28,973 - INFO - Soika сказала: Я не поняла вашу команду, Soika.
2025-08-07 13:30:36,798 - INFO - Распознана команда: Открой мои Youtube канал
2025-08-07 13:30:36,942 - INFO - Soika сказала: Открываю мои youtube канал.
2025-08-07 13:30:39,869 - INFO - Распознана команда: она
2025-08-07 13:30:39,961 - INFO - Soika сказала: Я не знаю, как выполнить эту команду. Попробуйте сказать 'что ты можешь' для списка команд.
2025-08-07 13:30:43,622 - INFO - Soika сказала: Я не поняла вашу команду, Soika.
2025-08-07 13:30:51,181 - INFO - Распознана команда: открой открой Twitch канал
2025-08-07 13:30:51,288 - INFO - Soika сказала: Открываю twitch канал.
2025-08-07 13:30:58,726 - INFO - Распознана команда: Открой Twitch
2025-08-07 13:30:58,867 - INFO - Soika сказала: Открываю twitch.
2025-08-07 13:31:04,049 - INFO - Soika сказала: Я не поняла вашу команду, Soika.
2025-08-07 13:31:09,024 - INFO - Soika сказала: Я не поняла вашу команду, Soika.
2025-08-07 13:31:15,384 - INFO - Распознана команда: Ну то что ты вставлял
2025-08-07 13:31:15,478 - INFO - Soika сказала: Я не знаю, как выполнить эту команду. Попробуйте сказать 'что ты можешь' для списка команд.
2025-08-07 13:31:20,380 - INFO - Soika сказала: Я не поняла вашу команду, Soika.
2025-08-07 13:31:25,297 - INFO - Распознана команда: она вчера работала
2025-08-07 13:31:25,385 - INFO - Soika сказала: Я не знаю, как выполнить эту команду. Попробуйте сказать 'что ты можешь' для списка команд.
2025-08-07 13:31:28,499 - INFO - Распознана команда: Расскажи шутку
2025-08-07 13:31:28,591 - INFO - Soika сказала: Какой язык программирования предпочитают океаны? Си.
2025-08-07 13:31:34,629 - INFO - Soika сказала: Я не поняла вашу команду, Soika.
2025-08-07 13:31:41,645 - INFO - Soika сказала: Я не поняла вашу команду, Soika.
2025-08-07 13:31:46,371 - INFO - Распознана команда: Открой фильм Гарри Поттер
2025-08-07 13:31:46,477 - INFO - Soika сказала: Открываю фильм гарри поттер.
2025-08-07 13:31:51,819 - INFO - Распознана команда: скорее всего Оно просто
2025-08-07 13:31:51,909 - INFO - Soika сказала: Я не знаю, как выполнить эту команду. Попробуйте сказать 'что ты можешь' для списка команд.
2025-08-07 13:31:55,730 - INFO - Распознана команда: ой-ой-ой не
2025-08-07 13:31:55,824 - INFO - Soika сказала: Я не знаю, как выполнить эту команду. Попробуйте сказать 'что ты можешь' для списка команд.
2025-08-07 13:32:09,847 - INFO - Распознана команда: имена фильма или твича
2025-08-07 13:32:09,937 - INFO - Soika сказала: Я не знаю, как выполнить эту команду. Попробуйте сказать 'что ты можешь' для списка команд.
2025-08-07 13:32:17,656 - INFO - Распознана команда: Да просто чтобы она сама заходила искала
2025-08-07 13:32:17,745 - INFO - Soika сказала: Я не знаю, как выполнить эту команду. Попробуйте сказать 'что ты можешь' для списка команд.
2025-08-07 13:32:25,758 - INFO - Распознана команда: Я сказал Какой фильм она нашла в
2025-08-07 13:32:25,845 - INFO - Soika сказала: Я не знаю, как выполнить эту команду. Попробуйте сказать 'что ты можешь' для списка команд.
2025-08-07 13:32:31,557 - INFO - Soika сказала: Я не поняла вашу команду, Soika.
2025-08-07 13:32:35,363 - INFO - Soika сказала: Я не поняла вашу команду, Soika.
2025-08-07 13:32:38,506 - INFO - Soika сказала: Я не поняла вашу команду, Soika.
2025-08-07 13:32:43,218 - INFO - Распознана команда: отрубить конечно
2025-08-07 13:32:43,311 - INFO - Soika сказала: Я не знаю, как выполнить эту команду. Попробуйте сказать 'что ты можешь' для списка команд.
2025-08-07 13:48:44,237 - INFO - Imported existing <module 'comtypes.gen' from 'D:\\Программы\\Python\\Lib\\site-packages\\comtypes\\gen\\__init__.py'>
2025-08-07 13:48:44,237 - INFO - Using writeable comtypes cache directory: 'D:\Программы\Python\Lib\site-packages\comtypes\gen'
2025-08-07 13:48:44,341 - INFO - Soika запущена
2025-08-07 13:48:52,292 - INFO - Soika сказала: Привет! Я Soika, ваш голосовой помощник. Как я могу помочь?
2025-08-07 13:48:57,985 - INFO - Распознана команда: Включи мониторинг экрана
2025-08-07 13:48:58,081 - INFO - Soika сказала: Мониторинг экрана включен.
2025-08-07 13:49:05,671 - INFO - Soika сказала: Я не поняла вашу команду, Soika.
2025-08-07 13:49:10,078 - INFO - Распознана команда: ебать Это как Охуенно
2025-08-07 13:49:10,168 - INFO - Soika сказала: Я не знаю, как выполнить эту команду. Попробуйте сказать 'что ты можешь' для списка команд.
2025-08-07 13:49:15,827 - INFO - Soika сказала: Я не поняла вашу команду, Soika.
2025-08-07 13:49:23,848 - INFO - Распознана команда: а ну-ка давай если мы сделаем так
2025-08-07 13:49:23,937 - INFO - Soika сказала: Я не знаю, как выполнить эту команду. Попробуйте сказать 'что ты можешь' для списка команд.
2025-08-07 13:49:27,264 - INFO - Soika сказала: Я не поняла вашу команду, Soika.
2025-08-07 13:49:33,974 - INFO - Распознана команда: это прикольно
2025-08-07 13:49:34,060 - INFO - Soika сказала: Я не знаю, как выполнить эту команду. Попробуйте сказать 'что ты можешь' для списка команд.
2025-08-07 13:49:39,315 - INFO - Распознана команда: Сукко уменьшается
2025-08-07 13:49:39,398 - INFO - Soika сказала: Я не знаю, как выполнить эту команду. Попробуйте сказать 'что ты можешь' для списка команд.
2025-08-07 13:49:41,982 - INFO - Soika сказала: Я не поняла вашу команду, Soika.
2025-08-07 13:49:46,139 - INFO - Распознана команда: ебучая по
2025-08-07 13:49:46,223 - INFO - Soika сказала: Я не знаю, как выполнить эту команду. Попробуйте сказать 'что ты можешь' для списка команд.
2025-08-07 13:49:50,287 - INFO - Soika сказала: Я не поняла вашу команду, Soika.
2025-08-07 13:49:56,334 - INFO - Распознана команда: Ох я вдох
2025-08-07 13:49:56,421 - INFO - Soika сказала: Я не знаю, как выполнить эту команду. Попробуйте сказать 'что ты можешь' для списка команд.
2025-08-07 13:49:59,008 - INFO - Soika сказала: Мониторинг экрана выключен.
2025-08-07 13:50:01,678 - INFO - Распознана команда: лучше так и не
2025-08-07 13:50:01,769 - INFO - Soika сказала: Я не знаю, как выполнить эту команду. Попробуйте сказать 'что ты можешь' для списка команд.
2025-08-07 13:50:09,610 - INFO - Распознана команда: когда закрывает он сразу отрубается
2025-08-07 13:50:09,698 - INFO - Soika сказала: Я не знаю, как выполнить эту команду. Попробуйте сказать 'что ты можешь' для списка команд.
2025-08-07 13:50:13,782 - INFO - Распознана команда: выключается
2025-08-07 13:50:13,873 - INFO - Soika сказала: Я не знаю, как выполнить эту команду. Попробуйте сказать 'что ты можешь' для списка команд.
2025-08-07 13:50:17,969 - INFO - Распознана команда: ух ты е
2025-08-07 13:50:18,057 - INFO - Soika сказала: Я не знаю, как выполнить эту команду. Попробуйте сказать 'что ты можешь' для списка команд.
2025-08-07 13:50:22,766 - INFO - Распознана команда: нихуя
2025-08-07 13:50:22,853 - INFO - Soika сказала: Я не знаю, как выполнить эту команду. Попробуйте сказать 'что ты можешь' для списка команд.
2025-08-07 13:50:26,209 - INFO - Soika сказала: Я не поняла вашу команду, Soika.
2025-08-07 13:50:28,870 - INFO - Soika сказала: Я не поняла вашу команду, Soika.
2025-08-07 13:50:32,291 - INFO - Soika сказала: Я не поняла вашу команду, Soika.
2025-08-07 13:50:35,252 - INFO - Распознана команда: ля какая
2025-08-07 13:50:35,337 - INFO - Soika сказала: Я не знаю, как выполнить эту команду. Попробуйте сказать 'что ты можешь' для списка команд.
2025-08-07 13:50:41,325 - INFO - Soika сказала: Я не поняла вашу команду, Soika.
2025-08-07 13:50:48,736 - INFO - Распознана команда: а как Алиса
2025-08-07 13:50:48,827 - INFO - Soika сказала: Я не знаю, как выполнить эту команду. Попробуйте сказать 'что ты можешь' для списка команд.
2025-08-07 13:50:54,710 - INFO - Распознана команда: а как в обратную сторону
2025-08-07 13:50:54,796 - INFO - Soika сказала: Я не знаю, как выполнить эту команду. Попробуйте сказать 'что ты можешь' для списка команд.
2025-08-07 13:50:58,491 - INFO - Распознана команда: а в обратную сторону
2025-08-07 13:50:58,581 - INFO - Soika сказала: Я не знаю, как выполнить эту команду. Попробуйте сказать 'что ты можешь' для списка команд.
2025-08-07 13:51:00,803 - INFO - Soika сказала: Я не поняла вашу команду, Soika.
2025-08-07 13:51:05,935 - INFO - Распознана команда: а ты моя девочка пушечка
2025-08-07 13:51:06,025 - INFO - Soika сказала: Я не знаю, как выполнить эту команду. Попробуйте сказать 'что ты можешь' для списка команд.
2025-08-07 13:51:11,514 - INFO - Soika сказала: Я не поняла вашу команду, Soika.
2025-08-07 13:51:14,557 - INFO - Soika сказала: Я не поняла вашу команду, Soika.
2025-08-07 13:51:17,404 - INFO - Распознана команда: этих файлов
2025-08-07 13:51:17,493 - INFO - Soika сказала: Я не знаю, как выполнить эту команду. Попробуйте сказать 'что ты можешь' для списка команд.
2025-08-07 13:51:21,616 - INFO - Soika сказала: Я не поняла вашу команду, Soika.
2025-08-07 13:51:31,526 - INFO - Soika сказала: Я не поняла вашу команду, Soika.
2025-08-07 13:51:34,131 - INFO - Soika сказала: Я не поняла вашу команду, Soika.
2025-08-07 13:51:39,702 - INFO - Распознана команда: а что не раз 5 минут удалять файлы
2025-08-07 13:51:39,790 - INFO - Soika сказала: Я не знаю, как выполнить эту команду. Попробуйте сказать 'что ты можешь' для списка команд.
2025-08-07 13:51:42,592 - INFO - Распознана команда: 5
2025-08-07 13:51:42,678 - INFO - Soika сказала: Я не знаю, как выполнить эту команду. Попробуйте сказать 'что ты можешь' для списка команд.
2025-08-07 13:51:47,465 - INFO - Soika сказала: Я не поняла вашу команду, Soika.
2025-08-07 13:51:54,055 - INFO - Распознана команда: тебе надо не обидеть скриншот А чтобы оно
2025-08-07 13:51:54,146 - INFO - Soika сказала: Я не знаю, как выполнить эту команду. Попробуйте сказать 'что ты можешь' для списка команд.
2025-08-07 13:51:59,578 - INFO - Soika сказала: Я не поняла вашу команду, Soika.
2025-08-07 13:52:03,738 - INFO - Распознана команда: да
2025-08-07 13:52:03,825 - INFO - Soika сказала: Я не знаю, как выполнить эту команду. Попробуйте сказать 'что ты можешь' для списка команд.
2025-08-07 13:52:11,183 - INFO - Распознана команда: не записывалась точнее оно записалось но оно сразу понял
2025-08-07 13:52:11,274 - INFO - Soika сказала: Я не знаю, как выполнить эту команду. Попробуйте сказать 'что ты можешь' для списка команд.
2025-08-07 13:52:20,530 - INFO - Распознана команда: Нет наоборот если увидел Она же будет дохуя жрать
2025-08-07 13:52:20,617 - INFO - Soika сказала: Я не знаю, как выполнить эту команду. Попробуйте сказать 'что ты можешь' для списка команд.
2025-08-07 13:52:23,825 - INFO - Распознана команда: как
2025-08-07 13:52:23,913 - INFO - Soika сказала: Я не знаю, как выполнить эту команду. Попробуйте сказать 'что ты можешь' для списка команд.
2025-08-07 13:52:29,396 - INFO - Распознана команда: Ну как данные только в виде кода понял
2025-08-07 13:52:29,482 - INFO - Soika сказала: Я не знаю, как выполнить эту команду. Попробуйте сказать 'что ты можешь' для списка команд.
2025-08-07 13:52:41,948 - INFO - Распознана команда: Ну мне просто каждая из этих слов на картинок это
2025-08-07 13:52:42,039 - INFO - Soika сказала: Я не знаю, как выполнить эту команду. Попробуйте сказать 'что ты можешь' для списка команд.
2025-08-07 13:52:49,860 - INFO - Распознана команда: Вот и чтобы это всё минимизировать
2025-08-07 13:52:49,948 - INFO - Soika сказала: Я не знаю, как выполнить эту команду. Попробуйте сказать 'что ты можешь' для списка команд.
2025-08-07 13:52:53,886 - INFO - Распознана команда: уже упрощённая информация
2025-08-07 13:52:53,974 - INFO - Soika сказала: Я не знаю, как выполнить эту команду. Попробуйте сказать 'что ты можешь' для списка команд.
2025-08-07 13:52:56,263 - INFO - Soika сказала: Я не поняла вашу команду, Soika.
2025-08-07 13:53:04,046 - INFO - Распознана команда: Но для извлечения Какие
2025-08-07 13:53:04,132 - INFO - Soika сказала: Я не знаю, как выполнить эту команду. Попробуйте сказать 'что ты можешь' для списка команд.
2025-08-07 13:53:11,066 - INFO - Распознана команда: это надо чтобы он ходил в
2025-08-07 13:53:11,154 - INFO - Soika сказала: Я не знаю, как выполнить эту команду. Попробуйте сказать 'что ты можешь' для списка команд.
2025-08-07 13:53:13,679 - INFO - Soika сказала: Я не поняла вашу команду, Soika.
2025-08-07 13:53:16,036 - INFO - Распознана команда: Господи
2025-08-07 13:53:16,122 - INFO - Soika сказала: Я не знаю, как выполнить эту команду. Попробуйте сказать 'что ты можешь' для списка команд.
2025-08-07 13:53:20,607 - INFO - Распознана команда: Ну что-то в этом роде да
2025-08-07 13:53:20,696 - INFO - Soika сказала: Я не знаю, как выполнить эту команду. Попробуйте сказать 'что ты можешь' для списка команд.
2025-08-07 13:53:34,966 - INFO - Распознана команда: я условно что-то сказал она могла сама взять это и условно условно сгенерировать
2025-08-07 13:53:35,058 - INFO - Soika сказала: Я не знаю, как выполнить эту команду. Попробуйте сказать 'что ты можешь' для списка команд.
2025-08-07 13:53:43,581 - INFO - Распознана команда: это Катенька потерялась но при этом остаток ну
2025-08-07 13:53:43,669 - INFO - Soika сказала: Я не знаю, как выполнить эту команду. Попробуйте сказать 'что ты можешь' для списка команд.
2025-08-07 13:53:49,966 - INFO - Soika сказала: Я не поняла вашу команду, Soika.
2025-08-07 13:53:54,035 - INFO - Распознана команда: как будто бы
2025-08-07 13:53:54,122 - INFO - Soika сказала: Я не знаю, как выполнить эту команду. Попробуйте сказать 'что ты можешь' для списка команд.
2025-08-07 13:53:56,904 - INFO - Распознана команда: так надо
2025-08-07 13:53:57,012 - INFO - Soika сказала: Я не знаю, как выполнить эту команду. Попробуйте сказать 'что ты можешь' для списка команд.
2025-08-07 13:54:05,331 - INFO - Распознана команда: сделай очистку
2025-08-07 13:54:05,421 - INFO - Soika сказала: Я не знаю, как выполнить эту команду. Попробуйте сказать 'что ты можешь' для списка команд.
2025-08-07 13:54:09,552 - INFO - Soika сказала: Я не поняла вашу команду, Soika.
2025-08-07 13:54:13,499 - INFO - Распознана команда: сделай очистку памяти
2025-08-07 13:54:13,588 - INFO - Soika сказала: Я не знаю, как выполнить эту команду. Попробуйте сказать 'что ты можешь' для списка команд.
2025-08-07 13:54:19,308 - INFO - Soika сказала: Я не поняла вашу команду, Soika.
2025-08-07 13:54:24,063 - INFO - Soika сказала: Я не поняла вашу команду, Soika.
2025-08-07 13:54:26,388 - INFO - Soika сказала: Я не поняла вашу команду, Soika.
2025-08-07 14:04:22,568 - INFO - Imported existing <module 'comtypes.gen' from 'D:\\Программы\\Python\\Lib\\site-packages\\comtypes\\gen\\__init__.py'>
2025-08-07 14:04:22,569 - INFO - Using writeable comtypes cache directory: 'D:\Программы\Python\Lib\site-packages\comtypes\gen'
2025-08-07 14:04:22,670 - INFO - Soika запущена
2025-08-07 14:04:30,622 - INFO - Soika сказала: Привет! Я Soika, ваш голосовой помощник. Как я могу помочь?
2025-08-07 14:04:34,801 - INFO - Распознана команда: очистка памяти
2025-08-07 14:04:34,899 - INFO - Soika сказала: Я не знаю, как выполнить эту команду. Попробуйте сказать 'что ты можешь' для списка команд.
2025-08-07 14:04:40,612 - INFO - Soika сказала: Я не поняла вашу команду, Soika.
2025-08-07 14:04:44,204 - INFO - Распознана команда: очисти память
2025-08-07 14:04:44,867 - INFO - Soika сказала: Память очищена, фоновые процессы закрыты.
2025-08-07 14:04:50,572 - INFO - Soika сказала: Я не поняла вашу команду, Soika.
2025-08-07 14:04:53,692 - INFO - Soika сказала: Я не поняла вашу команду, Soika.
2025-08-07 14:04:58,085 - INFO - Распознана команда: но она типа очистила память
2025-08-07 14:04:58,173 - INFO - Soika сказала: Я не знаю, как выполнить эту команду. Попробуйте сказать 'что ты можешь' для списка команд.
2025-08-07 14:05:09,318 - INFO - Распознана команда: платформа процессор тут все идут ну давай сейчас подождём минута что будет
2025-08-07 14:05:09,408 - INFO - Soika сказала: Я не знаю, как выполнить эту команду. Попробуйте сказать 'что ты можешь' для списка команд.
2025-08-07 14:05:15,498 - INFO - Soika сказала: Я не поняла вашу команду, Soika.
2025-08-07 14:05:30,728 - INFO - Soika сказала: Память очищена, фоновые процессы закрыты.
2025-08-07 14:05:33,541 - INFO - Распознана команда: а как А как сделать так чтобы ну как сказать что ну скриншот монитора это типа условно временный файл ну
2025-08-07 14:05:33,629 - INFO - Soika сказала: Я не знаю, как выполнить эту команду. Попробуйте сказать 'что ты можешь' для списка команд.
2025-08-07 14:05:37,893 - INFO - Soika сказала: Я не поняла вашу команду, Soika.
2025-08-07 14:05:44,196 - INFO - Soika сказала: Я не поняла вашу команду, Soika.
2025-08-07 14:05:48,831 - INFO - Распознана команда: пока что
2025-08-07 14:05:48,919 - INFO - Soika сказала: Я не знаю, как выполнить эту команду. Попробуйте сказать 'что ты можешь' для списка команд.
2025-08-07 14:05:59,809 - INFO - Распознана команда: и при этом запустить я при этом запустить режим монитори
2025-08-07 14:05:59,898 - INFO - Soika сказала: Я не знаю, как выполнить эту команду. Попробуйте сказать 'что ты можешь' для списка команд.
2025-08-07 14:06:05,969 - INFO - Soika сказала: Я не поняла вашу команду, Soika.
2025-08-07 14:06:10,511 - INFO - Soika сказала: Я не поняла вашу команду, Soika.
2025-08-07 14:06:14,105 - INFO - Распознана команда: да и всё
2025-08-07 14:06:14,191 - INFO - Soika сказала: Я не знаю, как выполнить эту команду. Попробуйте сказать 'что ты можешь' для списка команд.
2025-08-07 14:06:19,936 - INFO - Soika сказала: Я не поняла вашу команду, Soika.
2025-08-07 14:06:23,307 - INFO - Распознана команда: и надо чтобы
2025-08-07 14:06:23,396 - INFO - Soika сказала: Я не знаю, как выполнить эту команду. Попробуйте сказать 'что ты можешь' для списка команд.
2025-08-07 14:12:05,920 - INFO - Imported existing <module 'comtypes.gen' from 'D:\\Программы\\Python\\Lib\\site-packages\\comtypes\\gen\\__init__.py'>
2025-08-07 14:12:05,920 - INFO - Using writeable comtypes cache directory: 'D:\Программы\Python\Lib\site-packages\comtypes\gen'
2025-08-07 14:12:06,023 - INFO - Soika запущена
2025-08-07 14:12:13,975 - INFO - Soika сказала: Привет! Я Soika, ваш голосовой помощник. Как я могу помочь?
2025-08-07 14:12:20,082 - INFO - Soika сказала: Я не поняла вашу команду, Soika.
2025-08-07 14:12:25,274 - INFO - Распознана команда: ты что-то говорил
2025-08-07 14:12:25,360 - INFO - Soika сказала: Я не знаю, как выполнить эту команду. Попробуйте сказать 'что ты можешь' для списка команд.
2025-08-07 14:12:31,067 - INFO - Soika сказала: Я не поняла вашу команду, Soika.
2025-08-07 14:12:37,229 - INFO - Распознана команда: и сделай так чтобы
2025-08-07 14:12:37,321 - INFO - Soika сказала: Я не знаю, как выполнить эту команду. Попробуйте сказать 'что ты можешь' для списка команд.
2025-08-07 14:12:40,518 - INFO - Распознана команда: отобразил
2025-08-07 14:12:40,608 - INFO - Soika сказала: Я не знаю, как выполнить эту команду. Попробуйте сказать 'что ты можешь' для списка команд.
2025-08-07 14:12:46,317 - INFO - Soika сказала: Я не поняла вашу команду, Soika.
2025-08-07 14:12:52,684 - INFO - Распознана команда: v-iv
2025-08-07 14:12:52,771 - INFO - Soika сказала: Я не знаю, как выполнить эту команду. Попробуйте сказать 'что ты можешь' для списка команд.
2025-08-07 14:13:02,049 - INFO - Soika сказала: Я не поняла вашу команду, Soika.
2025-08-07 14:13:07,190 - INFO - Распознана команда: что приехал нет
2025-08-07 14:13:07,281 - INFO - Soika сказала: Я не знаю, как выполнить эту команду. Попробуйте сказать 'что ты можешь' для списка команд.
2025-08-07 14:13:11,879 - INFO - Распознана команда: последняя обложка приехала Ахуеть
2025-08-07 14:13:11,965 - INFO - Soika сказала: Я не знаю, как выполнить эту команду. Попробуйте сказать 'что ты можешь' для списка команд.
2025-08-07 14:13:14,546 - INFO - Soika сказала: Память очищена, фоновые процессы закрыты.
2025-08-07 14:13:16,740 - INFO - Распознана команда: сегодня тогда
2025-08-07 14:13:16,829 - INFO - Soika сказала: Я не знаю, как выполнить эту команду. Попробуйте сказать 'что ты можешь' для списка команд.
2025-08-07 14:13:20,392 - INFO - Распознана команда: а
2025-08-07 14:13:20,480 - INFO - Soika сказала: Я не знаю, как выполнить эту команду. Попробуйте сказать 'что ты можешь' для списка команд.
2025-08-07 14:24:35,388 - INFO - Imported existing <module 'comtypes.gen' from 'D:\\Программы\\Python\\Lib\\site-packages\\comtypes\\gen\\__init__.py'>
2025-08-07 14:24:35,388 - INFO - Using writeable comtypes cache directory: 'D:\Программы\Python\Lib\site-packages\comtypes\gen'
2025-08-07 14:24:35,490 - INFO - Soika запущена
2025-08-07 14:24:43,443 - INFO - Soika сказала: Привет! Я Soika, ваш голосовой помощник. Как я могу помочь?
2025-08-07 14:24:51,091 - INFO - Распознана команда: сойка Покажи фоновые процессы
2025-08-07 14:24:51,186 - INFO - Soika сказала: Показываю фоновые процессы.
2025-08-07 14:25:01,198 - INFO - Soika сказала: Я не поняла вашу команду, Soika.
2025-08-07 14:25:09,458 - INFO - Распознана команда: Включи мониторинг экрана
2025-08-07 14:25:09,559 - INFO - Soika сказала: Мониторинг экрана включен.
2025-08-07 14:25:17,146 - INFO - Soika сказала: Я не поняла вашу команду, Soika.
2025-08-07 14:25:23,765 - INFO - Soika сказала: Я не поняла вашу команду, Soika.
2025-08-07 14:25:27,668 - INFO - Распознана команда: Включи мои тоненький экрана
2025-08-07 14:25:27,754 - INFO - Soika сказала: Я не знаю, как выполнить эту команду. Попробуйте сказать 'что ты можешь' для списка команд.
2025-08-07 14:25:33,868 - INFO - Soika сказала: Я не поняла вашу команду, Soika.
2025-08-07 14:25:39,108 - INFO - Распознана команда: Отключи мониторинг экрана
2025-08-07 14:25:39,196 - INFO - Soika сказала: Я не знаю, как выполнить эту команду. Попробуйте сказать 'что ты можешь' для списка команд.
2025-08-07 14:25:44,057 - INFO - Soika сказала: Память очищена, фоновые процессы закрыты.
2025-08-07 14:25:45,903 - INFO - Soika сказала: Я не поняла вашу команду, Soika.
2025-08-07 14:25:51,446 - INFO - Распознана команда: Отключи мониторинг экрана
2025-08-07 14:25:51,535 - INFO - Soika сказала: Я не знаю, как выполнить эту команду. Попробуйте сказать 'что ты можешь' для списка команд.
2025-08-07 14:25:58,343 - INFO - Soika сказала: Я не поняла вашу команду, Soika.
2025-08-07 14:26:05,098 - INFO - Soika сказала: Я не поняла вашу команду, Soika.
2025-08-07 14:26:10,068 - INFO - Распознана команда: Выключи монитор экрана
2025-08-07 14:26:10,156 - INFO - Soika сказала: Я не знаю, как выполнить эту команду. Попробуйте сказать 'что ты можешь' для списка команд.
2025-08-07 14:26:16,711 - INFO - Распознана команда: сука ебаная
2025-08-07 14:26:16,801 - INFO - Soika сказала: Я не знаю, как выполнить эту команду. Попробуйте сказать 'что ты можешь' для списка команд.
2025-08-07 14:26:36,992 - INFO - Imported existing <module 'comtypes.gen' from 'D:\\Программы\\Python\\Lib\\site-packages\\comtypes\\gen\\__init__.py'>
2025-08-07 14:26:36,992 - INFO - Using writeable comtypes cache directory: 'D:\Программы\Python\Lib\site-packages\comtypes\gen'
2025-08-07 14:26:37,092 - INFO - Soika запущена
2025-08-07 14:26:45,041 - INFO - Soika сказала: Привет! Я Soika, ваш голосовой помощник. Как я могу помочь?
2025-08-07 14:26:51,138 - INFO - Soika сказала: Я не поняла вашу команду, Soika.
2025-08-07 14:26:58,152 - INFO - Soika сказала: Я не поняла вашу команду, Soika.
2025-08-07 14:27:01,534 - INFO - Распознана команда: вот это вот очи
2025-08-07 14:27:01,622 - INFO - Soika сказала: Я не знаю, как выполнить эту команду. Попробуйте сказать 'что ты можешь' для списка команд.
2025-08-07 14:27:07,700 - INFO - Soika сказала: Я не поняла вашу команду, Soika.
2025-08-07 14:27:15,551 - INFO - Soika сказала: Я не поняла вашу команду, Soika.
2025-08-07 14:27:20,847 - INFO - Soika сказала: Я не поняла вашу команду, Soika.
2025-08-07 14:27:26,572 - INFO - Soika сказала: Я не поняла вашу команду, Soika.
2025-08-07 14:27:33,671 - INFO - Распознана команда: сойка Покажи фоновые процессы
2025-08-07 14:27:33,759 - INFO - Soika сказала: Показываю фоновые процессы.
2025-08-07 14:27:41,131 - INFO - Распознана команда: очистка памяти
2025-08-07 14:27:41,221 - INFO - Soika сказала: Я не знаю, как выполнить эту команду. Попробуйте сказать 'что ты можешь' для списка команд.
2025-08-07 14:27:45,602 - INFO - Soika сказала: Память очищена, фоновые процессы закрыты.
2025-08-07 14:27:48,894 - INFO - Soika сказала: Я не поняла вашу команду, Soika.
2025-08-07 14:28:00,702 - INFO - Распознана команда: как будто бы
2025-08-07 14:28:00,791 - INFO - Soika сказала: Я не знаю, как выполнить эту команду. Попробуйте сказать 'что ты можешь' для списка команд.
2025-08-07 14:28:06,607 - INFO - Распознана команда: сойка очисти память
2025-08-07 14:28:06,711 - INFO - Soika сказала: Память очищена, фоновые процессы закрыты.
2025-08-07 14:28:12,422 - INFO - Soika сказала: Я не поняла вашу команду, Soika.
2025-08-07 14:28:16,910 - INFO - Soika сказала: Я не поняла вашу команду, Soika.
2025-08-07 14:28:19,537 - INFO - Soika сказала: Я не поняла вашу команду, Soika.
2025-08-07 20:15:07,984 - INFO - Imported existing <module 'comtypes.gen' from 'D:\\Программы\\Python\\Lib\\site-packages\\comtypes\\gen\\__init__.py'>
2025-08-07 20:15:07,984 - INFO - Using writeable comtypes cache directory: 'D:\Программы\Python\Lib\site-packages\comtypes\gen'
2025-08-07 20:15:08,284 - INFO - Soika запущена
2025-08-07 20:15:16,257 - INFO - Soika сказала: Привет! Я Soika, ваш голосовой помощник. Как я могу помочь?
2025-08-07 20:15:25,319 - INFO - Распознана команда: Включи систему мониторинга
2025-08-07 20:15:25,426 - INFO - Soika сказала: Я не знаю, как выполнить эту команду. Попробуйте сказать 'что ты можешь' для списка команд.
2025-08-07 20:15:31,531 - INFO - Soika сказала: Я не поняла вашу команду, Soika.
2025-08-07 20:15:38,144 - INFO - Soika сказала: Я не поняла вашу команду, Soika.
2025-08-07 20:15:43,237 - INFO - Распознана команда: команды
2025-08-07 20:15:43,329 - INFO - Soika сказала: Я не знаю, как выполнить эту команду. Попробуйте сказать 'что ты можешь' для списка команд.
2025-08-07 20:15:49,048 - INFO - Soika сказала: Я не поняла вашу команду, Soika.
2025-08-07 20:15:55,457 - INFO - Распознана команда: шесть человек
2025-08-07 20:15:55,550 - INFO - Soika сказала: Я не знаю, как выполнить эту команду. Попробуйте сказать 'что ты можешь' для списка команд.
2025-08-07 20:16:01,592 - INFO - Soika сказала: Я не поняла вашу команду, Soika.
2025-08-07 20:16:07,313 - INFO - Soika сказала: Я не поняла вашу команду, Soika.
2025-08-07 20:16:13,057 - INFO - Soika сказала: Я не поняла вашу команду, Soika.
2025-08-07 20:16:17,333 - INFO - Soika сказала: Память очищена, фоновые процессы закрыты.
2025-08-07 20:16:19,979 - INFO - Распознана команда: включить мониторинг
2025-08-07 20:16:20,071 - INFO - Soika сказала: Я не знаю, как выполнить эту команду. Попробуйте сказать 'что ты можешь' для списка команд.
2025-08-07 20:16:35,107 - INFO - Распознана команда: а кстати Во сколько проверка iPad для Windows
2025-08-07 20:16:35,202 - INFO - Soika сказала: Я не знаю, как выполнить эту команду. Попробуйте сказать 'что ты можешь' для списка команд.
2025-08-07 20:16:41,266 - INFO - Soika сказала: Я не поняла вашу команду, Soika.
2025-08-07 20:16:48,883 - INFO - Распознана команда: включить монитори
2025-08-07 20:16:48,975 - INFO - Soika сказала: Я не знаю, как выполнить эту команду. Попробуйте сказать 'что ты можешь' для списка команд.
2025-08-07 20:16:56,277 - INFO - Распознана команда: включить монито
2025-08-07 20:16:56,370 - INFO - Soika сказала: Я не знаю, как выполнить эту команду. Попробуйте сказать 'что ты можешь' для списка команд.
2025-08-07 20:17:06,168 - INFO - Распознана команда: Может созвонимся мониторинг записи экрана
2025-08-07 20:17:06,262 - INFO - Soika сказала: Я не знаю, как выполнить эту команду. Попробуйте сказать 'что ты можешь' для списка команд.
2025-08-07 20:17:26,537 - INFO - Imported existing <module 'comtypes.gen' from 'D:\\Программы\\Python\\Lib\\site-packages\\comtypes\\gen\\__init__.py'>
2025-08-07 20:17:26,538 - INFO - Using writeable comtypes cache directory: 'D:\Программы\Python\Lib\site-packages\comtypes\gen'
2025-08-07 20:17:26,643 - INFO - Soika запущена
2025-08-07 20:17:34,601 - INFO - Soika сказала: Привет! Я Soika, ваш голосовой помощник. Как я могу помочь?
2025-08-07 20:17:39,195 - INFO - Распознана команда: Включи мониторинг экран
2025-08-07 20:17:39,298 - INFO - Soika сказала: Я не знаю, как выполнить эту команду. Попробуйте сказать 'что ты можешь' для списка команд.
2025-08-07 20:17:48,148 - INFO - Распознана команда: Включи мониторинг экрана
2025-08-07 20:17:48,240 - INFO - Soika сказала: Мониторинг экрана включен.
2025-08-07 20:17:53,651 - INFO - Soika сказала: Я не поняла вашу команду, Soika.
2025-08-07 20:17:56,098 - INFO - Распознана команда: работает
2025-08-07 20:17:56,189 - INFO - Soika сказала: Я не знаю, как выполнить эту команду. Попробуйте сказать 'что ты можешь' для списка команд.
2025-08-07 20:17:58,996 - INFO - Soika сказала: Я не поняла вашу команду, Soika.
2025-08-07 20:18:04,724 - INFO - Soika сказала: Я не поняла вашу команду, Soika.
2025-08-07 20:18:08,412 - INFO - Soika сказала: Мониторинг экрана выключен.
2025-08-07 20:18:10,723 - INFO - Распознана команда: Кстати кстати кстати кстати кстати кстати
2025-08-07 20:18:10,814 - INFO - Soika сказала: Я не знаю, как выполнить эту команду. Попробуйте сказать 'что ты можешь' для списка команд.
2025-08-07 20:18:15,363 - INFO - Распознана команда: кстати
2025-08-07 20:18:15,455 - INFO - Soika сказала: Я не знаю, как выполнить эту команду. Попробуйте сказать 'что ты можешь' для списка команд.
2025-08-07 20:18:19,065 - INFO - Распознана команда: Отключись
2025-08-07 20:18:19,158 - INFO - Soika сказала: Я не знаю, как выполнить эту команду. Попробуйте сказать 'что ты можешь' для списка команд.
2025-08-07 20:18:23,156 - INFO - Soika сказала: Я не поняла вашу команду, Soika.
2025-08-07 20:18:28,875 - INFO - Soika сказала: Я не поняла вашу команду, Soika.
2025-08-07 20:18:32,582 - INFO - Распознана команда: заверши работу
2025-08-07 20:18:32,672 - INFO - Soika сказала: Я не знаю, как выполнить эту команду. Попробуйте сказать 'что ты можешь' для списка команд.
2025-08-07 20:18:35,355 - INFO - Soika сказала: Память очищена, фоновые процессы закрыты.
2025-08-07 20:18:38,393 - INFO - Soika сказала: Я не поняла вашу команду, Soika.
2025-08-07 20:18:41,511 - INFO - Soika сказала: Я не поняла вашу команду, Soika.
2025-08-07 20:18:46,501 - INFO - Распознана команда: Начни обучение поведению
2025-08-07 20:18:46,589 - INFO - Soika сказала: Я не знаю, как выполнить эту команду. Попробуйте сказать 'что ты можешь' для списка команд.
2025-08-07 20:18:52,307 - INFO - Soika сказала: Я не поняла вашу команду, Soika.
2025-08-07 20:18:56,030 - INFO - Распознана команда: начни
2025-08-07 20:18:56,119 - INFO - Soika сказала: Я не знаю, как выполнить эту команду. Попробуйте сказать 'что ты можешь' для списка команд.
2025-08-07 20:19:01,737 - INFO - Soika сказала: Я не поняла вашу команду, Soika.
